<?xml version="1.0" encoding="UTF-8"?>
<coverage generated="1772275586171" clover="3.2.0">
  <project timestamp="1772275586171" name="All files">
    <metrics statements="34" coveredstatements="34" conditionals="10" coveredconditionals="10" methods="1" coveredmethods="1" elements="45" coveredelements="45" complexity="0" loc="34" ncloc="34" packages="1" files="1" classes="1"/>
    <file name="engine.ts" path="/Users/sfx/Developer/fantabeach/backend/src/scoring/engine.ts">
      <metrics statements="34" coveredstatements="34" conditionals="10" coveredconditionals="10" methods="1" coveredmethods="1"/>
      <line num="31" count="1" type="cond" truecount="1" falsecount="0"/>
      <line num="32" count="24" type="stmt"/>
      <line num="33" count="24" type="stmt"/>
      <line num="35" count="24" type="stmt"/>
      <line num="36" count="24" type="cond" truecount="1" falsecount="0"/>
      <line num="37" count="1" type="stmt"/>
      <line num="38" count="1" type="cond" truecount="1" falsecount="0"/>
      <line num="41" count="23" type="stmt"/>
      <line num="42" count="24" type="cond" truecount="2" falsecount="0"/>
      <line num="43" count="16" type="cond" truecount="1" falsecount="0"/>
      <line num="44" count="7" type="stmt"/>
      <line num="46" count="24" type="stmt"/>
      <line num="47" count="24" type="stmt"/>
      <line num="49" count="24" type="stmt"/>
      <line num="51" count="24" type="cond" truecount="1" falsecount="0"/>
      <line num="52" count="46" type="stmt"/>
      <line num="53" count="46" type="stmt"/>
      <line num="54" count="46" type="stmt"/>
      <line num="55" count="46" type="stmt"/>
      <line num="56" count="46" type="stmt"/>
      <line num="57" count="46" type="stmt"/>
      <line num="58" count="46" type="stmt"/>
      <line num="59" count="46" type="cond" truecount="1" falsecount="0"/>
      <line num="60" count="24" type="cond" truecount="1" falsecount="0"/>
      <line num="61" count="46" type="stmt"/>
      <line num="62" count="46" type="stmt"/>
      <line num="63" count="46" type="stmt"/>
      <line num="64" count="46" type="stmt"/>
      <line num="65" count="46" type="stmt"/>
      <line num="66" count="46" type="stmt"/>
      <line num="67" count="46" type="stmt"/>
      <line num="68" count="46" type="cond" truecount="1" falsecount="0"/>
      <line num="70" count="23" type="stmt"/>
      <line num="71" count="23" type="stmt"/>
    </file>
  </project>
</coverage>
