{
  "/Users/sfx/Developer/fantabeach/backend/src/scoring/engine.ts": {
    "path": "/Users/sfx/Developer/fantabeach/backend/src/scoring/engine.ts",
    "all": false,
    "statementMap": {
      "30": {
        "start": { "line": 31, "column": 0 },
        "end": { "line": 31, "column": 76 }
      },
      "31": {
        "start": { "line": 32, "column": 0 },
        "end": { "line": 32, "column": 74 }
      },
      "32": {
        "start": { "line": 33, "column": 0 },
        "end": { "line": 33, "column": 10 }
      },
      "34": {
        "start": { "line": 35, "column": 0 },
        "end": { "line": 35, "column": 73 }
      },
      "35": {
        "start": { "line": 36, "column": 0 },
        "end": { "line": 36, "column": 39 }
      },
      "36": {
        "start": { "line": 37, "column": 0 },
        "end": { "line": 37, "column": 14 }
      },
      "37": {
        "start": { "line": 38, "column": 0 },
        "end": { "line": 38, "column": 3 }
      },
      "40": {
        "start": { "line": 41, "column": 0 },
        "end": { "line": 41, "column": 22 }
      },
      "41": {
        "start": { "line": 42, "column": 0 },
        "end": { "line": 42, "column": 49 }
      },
      "42": {
        "start": { "line": 43, "column": 0 },
        "end": { "line": 43, "column": 32 }
      },
      "43": {
        "start": { "line": 44, "column": 0 },
        "end": { "line": 44, "column": 33 }
      },
      "45": {
        "start": { "line": 46, "column": 0 },
        "end": { "line": 46, "column": 35 }
      },
      "46": {
        "start": { "line": 47, "column": 0 },
        "end": { "line": 47, "column": 23 }
      },
      "48": {
        "start": { "line": 49, "column": 0 },
        "end": { "line": 49, "column": 42 }
      },
      "50": {
        "start": { "line": 51, "column": 0 },
        "end": { "line": 51, "column": 43 }
      },
      "51": {
        "start": { "line": 52, "column": 0 },
        "end": { "line": 52, "column": 18 }
      },
      "52": {
        "start": { "line": 53, "column": 0 },
        "end": { "line": 53, "column": 15 }
      },
      "53": {
        "start": { "line": 54, "column": 0 },
        "end": { "line": 54, "column": 17 }
      },
      "54": {
        "start": { "line": 55, "column": 0 },
        "end": { "line": 55, "column": 31 }
      },
      "55": {
        "start": { "line": 56, "column": 0 },
        "end": { "line": 56, "column": 44 }
      },
      "56": {
        "start": { "line": 57, "column": 0 },
        "end": { "line": 57, "column": 18 }
      },
      "57": {
        "start": { "line": 58, "column": 0 },
        "end": { "line": 58, "column": 7 }
      },
      "58": {
        "start": { "line": 59, "column": 0 },
        "end": { "line": 59, "column": 3 }
      },
      "59": {
        "start": { "line": 60, "column": 0 },
        "end": { "line": 60, "column": 42 }
      },
      "60": {
        "start": { "line": 61, "column": 0 },
        "end": { "line": 61, "column": 18 }
      },
      "61": {
        "start": { "line": 62, "column": 0 },
        "end": { "line": 62, "column": 15 }
      },
      "62": {
        "start": { "line": 63, "column": 0 },
        "end": { "line": 63, "column": 17 }
      },
      "63": {
        "start": { "line": 64, "column": 0 },
        "end": { "line": 64, "column": 30 }
      },
      "64": {
        "start": { "line": 65, "column": 0 },
        "end": { "line": 65, "column": 43 }
      },
      "65": {
        "start": { "line": 66, "column": 0 },
        "end": { "line": 66, "column": 19 }
      },
      "66": {
        "start": { "line": 67, "column": 0 },
        "end": { "line": 67, "column": 7 }
      },
      "67": {
        "start": { "line": 68, "column": 0 },
        "end": { "line": 68, "column": 3 }
      },
      "69": {
        "start": { "line": 70, "column": 0 },
        "end": { "line": 70, "column": 17 }
      },
      "70": {
        "start": { "line": 71, "column": 0 },
        "end": { "line": 71, "column": 1 }
      }
    },
    "s": {
      "30": 1,
      "31": 24,
      "32": 24,
      "34": 24,
      "35": 24,
      "36": 1,
      "37": 1,
      "40": 23,
      "41": 24,
      "42": 16,
      "43": 7,
      "45": 24,
      "46": 24,
      "48": 24,
      "50": 24,
      "51": 46,
      "52": 46,
      "53": 46,
      "54": 46,
      "55": 46,
      "56": 46,
      "57": 46,
      "58": 46,
      "59": 24,
      "60": 46,
      "61": 46,
      "62": 46,
      "63": 46,
      "64": 46,
      "65": 46,
      "66": 46,
      "67": 46,
      "69": 23,
      "70": 23
    },
    "branchMap": {
      "0": {
        "type": "branch",
        "line": 31,
        "loc": {
          "start": { "line": 31, "column": 7 },
          "end": { "line": 71, "column": 1 }
        },
        "locations": [
          {
            "start": { "line": 31, "column": 7 },
            "end": { "line": 71, "column": 1 }
          }
        ]
      },
      "1": {
        "type": "branch",
        "line": 36,
        "loc": {
          "start": { "line": 36, "column": 38 },
          "end": { "line": 38, "column": 3 }
        },
        "locations": [
          {
            "start": { "line": 36, "column": 38 },
            "end": { "line": 38, "column": 3 }
          }
        ]
      },
      "2": {
        "type": "branch",
        "line": 38,
        "loc": {
          "start": { "line": 38, "column": 2 },
          "end": { "line": 42, "column": 28 }
        },
        "locations": [
          {
            "start": { "line": 38, "column": 2 },
            "end": { "line": 42, "column": 28 }
          }
        ]
      },
      "3": {
        "type": "branch",
        "line": 42,
        "loc": {
          "start": { "line": 42, "column": 15 },
          "end": { "line": 42, "column": 49 }
        },
        "locations": [
          {
            "start": { "line": 42, "column": 15 },
            "end": { "line": 42, "column": 49 }
          }
        ]
      },
      "4": {
        "type": "branch",
        "line": 42,
        "loc": {
          "start": { "line": 42, "column": 39 },
          "end": { "line": 43, "column": 32 }
        },
        "locations": [
          {
            "start": { "line": 42, "column": 39 },
            "end": { "line": 43, "column": 32 }
          }
        ]
      },
      "5": {
        "type": "branch",
        "line": 43,
        "loc": {
          "start": { "line": 43, "column": 21 },
          "end": { "line": 44, "column": 33 }
        },
        "locations": [
          {
            "start": { "line": 43, "column": 21 },
            "end": { "line": 44, "column": 33 }
          }
        ]
      },
      "6": {
        "type": "branch",
        "line": 51,
        "loc": {
          "start": { "line": 51, "column": 42 },
          "end": { "line": 59, "column": 3 }
        },
        "locations": [
          {
            "start": { "line": 51, "column": 42 },
            "end": { "line": 59, "column": 3 }
          }
        ]
      },
      "7": {
        "type": "branch",
        "line": 59,
        "loc": {
          "start": { "line": 59, "column": 2 },
          "end": { "line": 60, "column": 41 }
        },
        "locations": [
          {
            "start": { "line": 59, "column": 2 },
            "end": { "line": 60, "column": 41 }
          }
        ]
      },
      "8": {
        "type": "branch",
        "line": 60,
        "loc": {
          "start": { "line": 60, "column": 41 },
          "end": { "line": 68, "column": 3 }
        },
        "locations": [
          {
            "start": { "line": 60, "column": 41 },
            "end": { "line": 68, "column": 3 }
          }
        ]
      },
      "9": {
        "type": "branch",
        "line": 68,
        "loc": {
          "start": { "line": 68, "column": 2 },
          "end": { "line": 71, "column": 1 }
        },
        "locations": [
          {
            "start": { "line": 68, "column": 2 },
            "end": { "line": 71, "column": 1 }
          }
        ]
      }
    },
    "b": {
      "0": [24],
      "1": [1],
      "2": [23],
      "3": [10],
      "4": [16],
      "5": [7],
      "6": [46],
      "7": [23],
      "8": [46],
      "9": [23]
    },
    "fnMap": {
      "0": {
        "name": "computeMatchPoints",
        "decl": {
          "start": { "line": 31, "column": 7 },
          "end": { "line": 71, "column": 1 }
        },
        "loc": {
          "start": { "line": 31, "column": 7 },
          "end": { "line": 71, "column": 1 }
        },
        "line": 31
      }
    },
    "f": { "0": 24 }
  }
}
